LODESTAR Configuration
----------------------
Input file: ./data/sliding_window_test2.vcf.gz
Output basename: chr2Test
Log file name: chr2Log.log
Haplotype size: 1
Window size: 1
Step size: 1
K: 1
Use similarity: false
Calculate genome-wide only: false
Number of threads used: 1
P-value threshold (Disabled if 0): 1.000000
Number of permutations (Disabled when p-value is 0): 100
Procrustes statistic threshold: 0.950000
Biallelic minor allele frequency threshold: 0.050000
Missing allele frequency threshold: 0.500000
Convert ASD values to IBS counts: false
Use long-format output: false
Save as JSON file: false

Sample Names:
NA00001
NA00002
NA00003

Fri May 17 19:05:02 EDT 2024: [INFO] Performing sliding-window calculations ...
Fri May 17 19:05:02 EDT 2024: [INFO] Started ASD calculations for window 1.
Fri May 17 19:05:02 EDT 2024: [INFO] Finished MDS for window 1.
Fri May 17 19:05:02 EDT 2024: [INFO] Started ASD calculations for window 2.
Fri May 17 19:05:02 EDT 2024: [INFO] Finished MDS for window 2.
Fri May 17 19:05:02 EDT 2024: [INFO] Started ASD calculations for window 3.
Fri May 17 19:05:02 EDT 2024: [INFO] Finished MDS for window 3.
Fri May 17 19:05:02 EDT 2024: [INFO] Started ASD calculations for window 4.
Fri May 17 19:05:02 EDT 2024: [INFO] Finished MDS for window 4.
Fri May 17 19:05:02 EDT 2024: [INFO] Started ASD calculations for window 5.
Fri May 17 19:05:02 EDT 2024: [WARNING] ASD matrix of window 5 on 1 had a NaN or rank less than 3. Could not calculate MDS.
Fri May 17 19:05:02 EDT 2024: [INFO] Started ASD calculations for window 6.
Fri May 17 19:05:02 EDT 2024: [WARNING] ASD matrix of window 1 on 2 had a NaN or rank less than 3. Could not calculate MDS.
Fri May 17 19:05:02 EDT 2024: [INFO] Started ASD calculations for window 7.
Fri May 17 19:05:02 EDT 2024: [INFO] Finished MDS for window 7.
Fri May 17 19:05:02 EDT 2024: [INFO] Finished MDS for window 0.
Fri May 17 19:05:02 EDT 2024: [INFO] Finished sliding-window calculations ...
Fri May 17 19:05:02 EDT 2024: [INFO] Beginning Procrustes Analysis ...
Fri May 17 19:05:02 EDT 2024: [INFO] Performing Procrustes for window 1 ...
Fri May 17 19:05:02 EDT 2024: [INFO] Performing Procrustes for window 2 ...
Fri May 17 19:05:02 EDT 2024: [INFO] Performing Procrustes for window 3 ...
Fri May 17 19:05:02 EDT 2024: [INFO] Performing Procrustes for window 4 ...
Fri May 17 19:05:02 EDT 2024: [INFO] Performing Procrustes for window 5 ...
Fri May 17 19:05:02 EDT 2024: [INFO] Performing Procrustes for window 6 ...
Fri May 17 19:05:02 EDT 2024: [INFO] Performing Procrustes for window 7 ...
Fri May 17 19:05:02 EDT 2024: [INFO] Finished Procrustes Analysis ...
Fri May 17 19:05:02 EDT 2024: [INFO] Saving results to output files ...
Fri May 17 19:05:02 EDT 2024: [INFO] Finished Analysis! Exiting ...
