LODESTAR Configuration
----------------------
Input file: data/chr2Small.vcf
Output basename: chr2Test
Log file name: chr2.log
Haplotype size: 1
K: 2
Use similarity: false
Calculate genome-wide only: true
Number of threads used: 2
P-value threshold (Disabled if 0): 0.050000
Number of permutations (Disabled when p-value is 0): 10000
Procrustes statistic threshold: 0.950000
Biallelic minor allele frequency threshold: 0.050000
Missing allele frequency threshold: 0.500000
Convert ASD values to IBS counts: false
Use long-format output: false
Save as JSON file: false

Sample Names:
NA06984
NA06985
NA06986
NA06989
NA06994
NA07000
NA07037
NA07048
NA07051
NA07056
NA07347
NA07357
NA10847
NA10851
NA11829
NA11830
NA11831
NA11832
NA11840
NA11843
NA11881
NA11892
NA11893
NA11894
NA11918
NA11919
NA11920
NA11930
NA11931
NA11932
NA11933
NA11992
NA11994
NA11995
NA12003
NA12004
NA12005
NA12006
NA12043
NA12044
NA12045
NA12046
NA12058
NA12144
NA12154
NA12155
NA12156
NA12234
NA12249
NA12272
NA18525
NA18526
NA18528
NA18530
NA18531
NA18532
NA18533
NA18534
NA18535
NA18536
NA18537
NA18538
NA18539
NA18541
NA18542
NA18543
NA18544
NA18545
NA18546
NA18547
NA18548
NA18549
NA18550
NA18552
NA18553
NA18555
NA18557
NA18558
NA18559
NA18560
NA18561
NA18562
NA18563
NA18564
NA18565
NA18566
NA18567
NA18570
NA18571
NA18572
NA18573
NA18574
NA18577
NA18579
NA18582
NA18591
NA18592
NA18593
NA18595
NA18596
NA18486
NA18488
NA18489
NA18498
NA18499
NA18501
NA18502
NA18504
NA18505
NA18507
NA18508
NA18510
NA18511
NA18516
NA18517
NA18519
NA18520
NA18522
NA18523
NA18853
NA18856
NA18858
NA18861
NA18864
NA18865
NA18867
NA18868
NA18870
NA18871
NA18873
NA18874
NA18876
NA18877
NA18878
NA18879
NA18881
NA18907
NA18908
NA18909
NA18910
NA18912
NA18915
NA18916
NA18917
NA18923
NA18924
NA18933
NA18934
NA19092
NA19093

Fri May 24 13:55:09 EDT 2024: [INFO] Performing genome-wide calculations ...
Fri May 24 13:55:09 EDT 2024: [INFO] Finished genome-wide ASD calculations. Performing MDS ...
Fri May 24 13:55:09 EDT 2024: [INFO] Finished MDS for window 0.
Fri May 24 13:55:09 EDT 2024: [INFO] Finished genome-wide calculations ...
Fri May 24 13:55:09 EDT 2024: [INFO] Saving results to output files ...
Fri May 24 13:55:09 EDT 2024: [INFO] Finished Analysis! Exiting ...
